<?xml version="1.0" encoding="UTF-8"?>
<!-- Generated by org.testng.reporters.JUnitXMLReporter -->
<testsuite ignored="1" hostname="tejal" failures="0" tests="5" name="Default test" time="39.954" errors="0" timestamp="2024-08-27T21:25:13 IST">
  <testcase classname="com.itlearn360Frameworks.TestCase.loginTest" name="verifyLogin_dataDriven" time="5.001"/>
  <testcase classname="com.itlearn360Frameworks.TestCase.loginTest" name="verifyLogin_dataDriven" time="4.122"/>
  <testcase classname="com.itlearn360Frameworks.TestCase.loginTest" name="verifyLogin_dataDriven" time="3.053"/>
  <testcase classname="com.itlearn360Frameworks.TestCase.loginTest" name="verifyLogin_dataDriven" time="4.039"/>
  <testcase classname="com.itlearn360Frameworks.TestCase.loginTest" name="verifyLogin_dataDriven" time="6.549"/>
  <testcase classname="com.itlearn360Frameworks.TestCase.loginTest" name="verifyLogin" time="0.0">
    <ignored/>
  </testcase> <!-- verifyLogin -->
</testsuite> <!-- Default test -->
