<?xml version="1.0" encoding="UTF-8"?>
<!-- Generated by org.testng.reporters.JUnitXMLReporter -->
<testsuite ignored="0" hostname="tejal" failures="0" tests="7" name="Test" time="55.032" errors="0" timestamp="2024-09-04T18:36:48 IST">
  <testcase classname="com.itlearn360Frameworks.TestCase.forgotPassword" name="Test_Forgotpass" time="1.629"/>
  <testcase classname="com.itlearn360Frameworks.TestCase.loginTest" name="verifyLogin" time="2.069"/>
  <testcase classname="com.itlearn360Frameworks.TestCase.loginTest" name="verifyLogin_dataDriven" time="8.653"/>
  <testcase classname="com.itlearn360Frameworks.TestCase.loginTest" name="verifyLogin_dataDriven" time="4.22"/>
  <testcase classname="com.itlearn360Frameworks.TestCase.loginTest" name="verifyLogin_dataDriven" time="2.817"/>
  <testcase classname="com.itlearn360Frameworks.TestCase.loginTest" name="verifyLogin_dataDriven" time="2.283"/>
  <testcase classname="com.itlearn360Frameworks.TestCase.loginTest" name="verifyLogin_dataDriven" time="4.442"/>
</testsuite> <!-- Test -->
