<?xml version="1.0" encoding="UTF-8"?>
<testng-results ignored="0" total="1" passed="1" failed="0" skipped="0">
  <reporter-output>
  </reporter-output>
  <suite started-at="2024-08-27T14:50:41 IST" name="Default suite" finished-at="2024-08-27T14:50:55 IST" duration-ms="14376">
    <groups>
    </groups>
    <test started-at="2024-08-27T14:50:41 IST" name="Default test" finished-at="2024-08-27T14:50:55 IST" duration-ms="14376">
      <class name="com.itlearn360Frameworks.TestCase.forgotPassword">
        <test-method is-config="true" signature="BrowserLaunch()[pri:0, instance:com.itlearn360Frameworks.TestCase.forgotPassword@48e4374]" started-at="2024-08-27T14:50:41 IST" name="BrowserLaunch" finished-at="2024-08-27T14:50:52 IST" duration-ms="11191" status="PASS">
          <reporter-output>
          </reporter-output>
        </test-method> <!-- BrowserLaunch -->
        <test-method signature="Test_Forgotpass()[pri:1, instance:com.itlearn360Frameworks.TestCase.forgotPassword@48e4374]" started-at="2024-08-27T14:50:52 IST" name="Test_Forgotpass" finished-at="2024-08-27T14:50:54 IST" duration-ms="1743" status="PASS">
          <reporter-output>
          </reporter-output>
        </test-method> <!-- Test_Forgotpass -->
        <test-method is-config="true" signature="closeBrowser()[pri:0, instance:com.itlearn360Frameworks.TestCase.forgotPassword@48e4374]" started-at="2024-08-27T14:50:54 IST" name="closeBrowser" finished-at="2024-08-27T14:50:55 IST" duration-ms="1405" status="PASS">
          <reporter-output>
          </reporter-output>
        </test-method> <!-- closeBrowser -->
      </class> <!-- com.itlearn360Frameworks.TestCase.forgotPassword -->
    </test> <!-- Default test -->
  </suite> <!-- Default suite -->
</testng-results>
