<?xml version="1.0" encoding="UTF-8"?>
<!-- Generated by org.testng.reporters.JUnitReportReporter -->
<testsuite hostname="tejal" failures="0" tests="6" name="com.itlearn360Frameworks.TestCase.loginTest" time="24.484" errors="0" timestamp="2024-09-04T18:36:48 IST" skipped="0">
  <testcase classname="com.itlearn360Frameworks.TestCase.loginTest" name="verifyLogin" time="2.069"/>
  <system-out/>
  <testcase classname="com.itlearn360Frameworks.TestCase.loginTest" name="verifyLogin_dataDriven" time="4.220"/>
  <system-out/>
  <testcase classname="com.itlearn360Frameworks.TestCase.loginTest" name="verifyLogin_dataDriven" time="2.817"/>
  <system-out/>
  <testcase classname="com.itlearn360Frameworks.TestCase.loginTest" name="verifyLogin_dataDriven" time="2.283"/>
  <system-out/>
  <testcase classname="com.itlearn360Frameworks.TestCase.loginTest" name="verifyLogin_dataDriven" time="4.442"/>
  <system-out/>
  <testcase classname="com.itlearn360Frameworks.TestCase.loginTest" name="verifyLogin_dataDriven" time="8.653"/>
  <system-out/>
</testsuite> <!-- com.itlearn360Frameworks.TestCase.loginTest -->
